<?xml version="1.0" encoding="UTF-8" ?>
<testsuites>
 <testsuite name="Login Tests: login.test.js" timestamp="2017-12-08T19:04:28" hostname="localhost" time="17.1" errors="0" tests="0" skipped="0" disabled="0" failures="0">
 </testsuite>
 <testsuite name="Login Tests: login.test.js.Login Tests: login.test.js" timestamp="2017-12-08T19:04:28" hostname="localhost" time="17.1" errors="0" tests="2" skipped="0" disabled="0" failures="0">
  <testcase classname="Login Tests: login.test.js.Login Tests: login.test.js" name="Should successfully logged in by admin" time="10.905" />
  <testcase classname="Login Tests: login.test.js.Login Tests: login.test.js" name="Should successfully logged in by user" time="6.182" />
 </testsuite>
</testsuites>